<?xml version="1.0" encoding="UTF-8"?>
<!-- Generated by org.testng.reporters.JUnitReportReporter -->
<testsuite hostname="DESKTOP-03566JP" failures="0" tests="1" name="Serialization.serialize" time="0.408" errors="0" timestamp="2023-08-07T14:59:36 IST" skipped="0">
  <testcase classname="Serialization.serialize" name="convertpojo2json" time="0.408"/>
  <system-out/>
</testsuite> <!-- Serialization.serialize -->
