<?xml version="1.0" encoding="UTF-8"?>
<!-- Generated by org.testng.reporters.JUnitReportReporter -->
<testsuite hostname="DESKTOP-03566JP" failures="0" tests="1" name="Authentication.TestAuthentication" time="6.649" errors="0" timestamp="2023-08-09T12:13:49 IST" skipped="0">
  <testcase classname="Authentication.TestAuthentication" name="testBasicAuthentication" time="6.649"/>
  <system-out/>
</testsuite> <!-- Authentication.TestAuthentication -->
