<?xml version="1.0" encoding="UTF-8"?>
<!-- Generated by org.testng.reporters.JUnitReportReporter -->
<testsuite hostname="DESKTOP-03566JP" failures="0" tests="2" name="Day2.DiffWaysToCreatePostRequestBody" time="4.544" errors="0" timestamp="2023-07-25T17:38:14 IST" skipped="0">
  <testcase classname="Day2.DiffWaysToCreatePostRequestBody" name="testPostUsingExternalJsonFile" time="4.428"/>
  <system-out/>
  <testcase classname="Day2.DiffWaysToCreatePostRequestBody" name="testDelete" time="0.116"/>
  <system-out/>
</testsuite> <!-- Day2.DiffWaysToCreatePostRequestBody -->
