<?xml version="1.0" encoding="UTF-8"?>
<!-- Generated by org.testng.reporters.JUnitReportReporter -->
<testsuite hostname="DESKTOP-03566JP" failures="0" tests="4" name="Day1.HTTP_Requests" time="8.730" errors="0" timestamp="2023-07-24T16:27:13 IST" skipped="0">
  <testcase classname="Day1.HTTP_Requests" name="getUsers" time="4.559"/>
  <system-out/>
  <testcase classname="Day1.HTTP_Requests" name="createUser" time="1.839"/>
  <system-out/>
  <testcase classname="Day1.HTTP_Requests" name="updateUser" time="1.625"/>
  <system-out/>
  <testcase classname="Day1.HTTP_Requests" name="deleteUser" time="0.707"/>
  <system-out/>
</testsuite> <!-- Day1.HTTP_Requests -->
