<?xml version="1.0" encoding="UTF-8"?>
<!-- Generated by org.testng.reporters.JUnitReportReporter -->
<testsuite hostname="DESKTOP-03566JP" failures="0" tests="1" name="Day5.ParsingXMLResponse3" time="3.343" errors="0" timestamp="2023-08-03T15:23:52 IST" skipped="0">
  <testcase classname="Day5.ParsingXMLResponse3" name="testXMLResponse" time="3.343"/>
  <system-out/>
</testsuite> <!-- Day5.ParsingXMLResponse3 -->
