<?xml version="1.0" encoding="UTF-8"?>
<!-- Generated by org.testng.reporters.JUnitReportReporter -->
<testsuite hostname="DESKTOP-03566JP" failures="0" tests="1" name="Authentication.PreemptiveAuthentication" time="5.857" errors="0" timestamp="2023-08-09T12:54:43 IST" skipped="0">
  <testcase classname="Authentication.PreemptiveAuthentication" name="testPreemptiveAuthentication" time="5.857"/>
  <system-out/>
</testsuite> <!-- Authentication.PreemptiveAuthentication -->
