<?xml version="1.0" encoding="UTF-8"?>
<!-- Generated by org.testng.reporters.JUnitReportReporter -->
<testsuite hostname="DESKTOP-03566JP" failures="0" tests="1" name="Day5.ParsingXMLResponse2" time="3.175" errors="0" timestamp="2023-08-03T14:15:56 IST" skipped="0">
  <testcase classname="Day5.ParsingXMLResponse2" name="testXMLResponse" time="3.175"/>
  <system-out/>
</testsuite> <!-- Day5.ParsingXMLResponse2 -->
