<?xml version="1.0" encoding="UTF-8"?>
<!-- Generated by org.testng.reporters.JUnitReportReporter -->
<testsuite hostname="DESKTOP-03566JP" failures="0" tests="1" name="Authentication.BearerAuthentication" time="4.137" errors="0" timestamp="2023-08-09T17:55:41 IST" skipped="0">
  <testcase classname="Authentication.BearerAuthentication" name="testBearerAuthentication" time="4.137"/>
  <system-out/>
</testsuite> <!-- Authentication.BearerAuthentication -->
