<?xml version="1.0" encoding="UTF-8"?>
<!-- Generated by org.testng.reporters.JUnitReportReporter -->
<testsuite hostname="DESKTOP-03566JP" failures="0" tests="1" name="Day3.HeadersDemo" time="3.659" errors="0" timestamp="2023-07-26T12:37:49 IST" skipped="0">
  <testcase classname="Day3.HeadersDemo" name="testHeaders" time="3.659"/>
  <system-out/>
</testsuite> <!-- Day3.HeadersDemo -->
