<?xml version="1.0" encoding="UTF-8"?>
<!-- Generated by org.testng.reporters.JUnitReportReporter -->
<testsuite hostname="DESKTOP-03566JP" failures="0" tests="1" name="FakerData.FakerDataGenerator" time="0.363" errors="0" timestamp="2023-08-10T13:22:22 IST" skipped="0">
  <testcase classname="FakerData.FakerDataGenerator" name="testGenerateDummyData" time="0.363"/>
  <system-out/>
</testsuite> <!-- FakerData.FakerDataGenerator -->
