<?xml version="1.0" encoding="UTF-8"?>
<!-- Generated by org.testng.reporters.JUnitReportReporter -->
<testsuite hostname="DESKTOP-03566JP" failures="0" tests="1" name="Day3.PathAndQueryParameters" time="4.052" errors="0" timestamp="2023-07-26T09:22:16 IST" skipped="0">
  <testcase classname="Day3.PathAndQueryParameters" name="testQueryAndPathParametes" time="4.052"/>
  <system-out/>
</testsuite> <!-- Day3.PathAndQueryParameters -->
