<?xml version="1.0" encoding="UTF-8"?>
<!-- Generated by org.testng.reporters.JUnitReportReporter -->
<testsuite hostname="DESKTOP-03566JP" failures="0" tests="1" name="Authentication.Oauth1" time="4.234" errors="0" timestamp="2023-08-10T12:23:13 IST" skipped="0">
  <testcase classname="Authentication.Oauth1" name="testOauth2" time="4.234"/>
  <system-out/>
</testsuite> <!-- Authentication.Oauth1 -->
