<?xml version="1.0" encoding="UTF-8"?>
<!-- Generated by org.testng.reporters.JUnitReportReporter -->
<testsuite hostname="DESKTOP-03566JP" failures="0" tests="1" name="Day3.CookiesDemo" time="3.104" errors="0" timestamp="2023-07-26T12:09:45 IST" skipped="0">
  <testcase classname="Day3.CookiesDemo" name="getCookiesInfo" time="3.104"/>
  <system-out/>
</testsuite> <!-- Day3.CookiesDemo -->
