<?xml version="1.0" encoding="UTF-8"?>
<!-- Generated by org.testng.reporters.JUnitReportReporter -->
<testsuite hostname="DESKTOP-03566JP" failures="0" tests="1" name="Authentication.DigestAuthentication" time="5.845" errors="0" timestamp="2023-08-09T12:52:11 IST" skipped="0">
  <testcase classname="Authentication.DigestAuthentication" name="testDigestAuthentication" time="5.845"/>
  <system-out/>
</testsuite> <!-- Authentication.DigestAuthentication -->
