<?xml version="1.0" encoding="UTF-8"?>
<!-- Generated by org.testng.reporters.JUnitReportReporter -->
<testsuite hostname="DESKTOP-03566JP" failures="0" tests="1" name="Day4.ParsingJsonResponseData" time="3.186" errors="0" timestamp="2023-08-09T17:00:56 IST" skipped="0">
  <testcase classname="Day4.ParsingJsonResponseData" name="testJsonResponseBodyData" time="3.186"/>
  <system-out/>
</testsuite> <!-- Day4.ParsingJsonResponseData -->
