<?xml version="1.0" encoding="UTF-8"?>
<!-- Generated by org.testng.reporters.JUnitReportReporter -->
<testsuite hostname="DESKTOP-03566JP" failures="0" tests="1" name="Day3.LoggInDemo" time="7.863" errors="0" timestamp="2023-07-26T13:46:40 IST" skipped="0">
  <testcase classname="Day3.LoggInDemo" name="testLoggs" time="7.863"/>
  <system-out/>
</testsuite> <!-- Day3.LoggInDemo -->
