<?xml version="1.0" encoding="UTF-8"?>
<!-- Generated by org.testng.reporters.JUnitReportReporter -->
<testsuite hostname="DESKTOP-03566JP" failures="0" tests="1" name="Day5.ParsingXMLResponse" time="4.098" errors="0" timestamp="2023-08-03T11:55:32 IST" skipped="0">
  <testcase classname="Day5.ParsingXMLResponse" name="testXMLResponse" time="4.098"/>
  <system-out/>
</testsuite> <!-- Day5.ParsingXMLResponse -->
