<?xml version="1.0" encoding="UTF-8"?>
<!-- Generated by org.testng.reporters.JUnitReportReporter -->
<testsuite hostname="DESKTOP-03566JP" failures="0" tests="1" name="SerializationDeserialization.Deserialization" time="0.811" errors="0" timestamp="2023-08-09T11:54:16 IST" skipped="0">
  <testcase classname="SerializationDeserialization.Deserialization" name="convertJson2Pojo" time="0.811"/>
  <system-out/>
</testsuite> <!-- SerializationDeserialization.Deserialization -->
