<?xml version="1.0" encoding="UTF-8"?>
<!-- Generated by org.testng.reporters.JUnitReportReporter -->
<testsuite hostname="DESKTOP-03566JP" failures="0" tests="1" name="ScemaValidation.JsonSchemaValidation" time="3.295" errors="0" timestamp="2023-08-03T17:17:36 IST" skipped="0">
  <testcase classname="ScemaValidation.JsonSchemaValidation" name="jsonschemavalidation" time="3.295"/>
  <system-out/>
</testsuite> <!-- ScemaValidation.JsonSchemaValidation -->
